[2018-05-09T01:10:01.025] [ERROR] cheese - Error: Unexpected tag ">
          <li title="<%=name%>"><%=name%></li>
        <" on line 26 in file E:\学习\web之重生\0.html&html5\html5\媒体处理\music-look\views\index.html.
    at Object.exports.throwError (E:\学习\web之重生\0.html&html5\html5\媒体处理\music-look\node_modules\swig-templates\lib\utils.js:183:9)
    at parseTag (E:\学习\web之重生\0.html&html5\html5\媒体处理\music-look\node_modules\swig-templates\lib\parser.js:544:13)
    at E:\学习\web之重生\0.html&html5\html5\媒体处理\music-look\node_modules\swig-templates\lib\parser.js:640:15
    at Object.exports.each (E:\学习\web之重生\0.html&html5\html5\媒体处理\music-look\node_modules\swig-templates\lib\utils.js:45:11)
    at Object.exports.parse (E:\学习\web之重生\0.html&html5\html5\媒体处理\music-look\node_modules\swig-templates\lib\parser.js:624:9)
    at exports.Swig.parse (E:\学习\web之重生\0.html&html5\html5\媒体处理\music-look\node_modules\swig-templates\lib\swig.js:354:19)
    at exports.Swig.precompile (E:\学习\web之重生\0.html&html5\html5\媒体处理\music-look\node_modules\swig-templates\lib\swig.js:486:23)
    at exports.Swig.compile (E:\学习\web之重生\0.html&html5\html5\媒体处理\music-look\node_modules\swig-templates\lib\swig.js:605:16)
    at E:\学习\web之重生\0.html&html5\html5\媒体处理\music-look\node_modules\swig-templates\lib\swig.js:683:27
    at FSReqWrap.readFileAfterClose [as oncomplete] (fs.js:528:3)
[2018-05-09T01:10:07.250] [ERROR] cheese - Error: Unexpected tag ">
          <li title="<%=name%>"><%=name%></li>
        <" on line 26 in file E:\学习\web之重生\0.html&html5\html5\媒体处理\music-look\views\index.html.
    at Object.exports.throwError (E:\学习\web之重生\0.html&html5\html5\媒体处理\music-look\node_modules\swig-templates\lib\utils.js:183:9)
    at parseTag (E:\学习\web之重生\0.html&html5\html5\媒体处理\music-look\node_modules\swig-templates\lib\parser.js:544:13)
    at E:\学习\web之重生\0.html&html5\html5\媒体处理\music-look\node_modules\swig-templates\lib\parser.js:640:15
    at Object.exports.each (E:\学习\web之重生\0.html&html5\html5\媒体处理\music-look\node_modules\swig-templates\lib\utils.js:45:11)
    at Object.exports.parse (E:\学习\web之重生\0.html&html5\html5\媒体处理\music-look\node_modules\swig-templates\lib\parser.js:624:9)
    at exports.Swig.parse (E:\学习\web之重生\0.html&html5\html5\媒体处理\music-look\node_modules\swig-templates\lib\swig.js:354:19)
    at exports.Swig.precompile (E:\学习\web之重生\0.html&html5\html5\媒体处理\music-look\node_modules\swig-templates\lib\swig.js:486:23)
    at exports.Swig.compile (E:\学习\web之重生\0.html&html5\html5\媒体处理\music-look\node_modules\swig-templates\lib\swig.js:605:16)
    at E:\学习\web之重生\0.html&html5\html5\媒体处理\music-look\node_modules\swig-templates\lib\swig.js:683:27
    at FSReqWrap.readFileAfterClose [as oncomplete] (fs.js:528:3)
[2018-05-09T01:10:08.283] [ERROR] cheese - Error: Unexpected tag ">
          <li title="<%=name%>"><%=name%></li>
        <" on line 26 in file E:\学习\web之重生\0.html&html5\html5\媒体处理\music-look\views\index.html.
    at Object.exports.throwError (E:\学习\web之重生\0.html&html5\html5\媒体处理\music-look\node_modules\swig-templates\lib\utils.js:183:9)
    at parseTag (E:\学习\web之重生\0.html&html5\html5\媒体处理\music-look\node_modules\swig-templates\lib\parser.js:544:13)
    at E:\学习\web之重生\0.html&html5\html5\媒体处理\music-look\node_modules\swig-templates\lib\parser.js:640:15
    at Object.exports.each (E:\学习\web之重生\0.html&html5\html5\媒体处理\music-look\node_modules\swig-templates\lib\utils.js:45:11)
    at Object.exports.parse (E:\学习\web之重生\0.html&html5\html5\媒体处理\music-look\node_modules\swig-templates\lib\parser.js:624:9)
    at exports.Swig.parse (E:\学习\web之重生\0.html&html5\html5\媒体处理\music-look\node_modules\swig-templates\lib\swig.js:354:19)
    at exports.Swig.precompile (E:\学习\web之重生\0.html&html5\html5\媒体处理\music-look\node_modules\swig-templates\lib\swig.js:486:23)
    at exports.Swig.compile (E:\学习\web之重生\0.html&html5\html5\媒体处理\music-look\node_modules\swig-templates\lib\swig.js:605:16)
    at E:\学习\web之重生\0.html&html5\html5\媒体处理\music-look\node_modules\swig-templates\lib\swig.js:683:27
    at FSReqWrap.readFileAfterClose [as oncomplete] (fs.js:528:3)
[2018-05-09T01:10:09.196] [ERROR] cheese - Error: Unexpected tag ">
          <li title="<%=name%>"><%=name%></li>
        <" on line 26 in file E:\学习\web之重生\0.html&html5\html5\媒体处理\music-look\views\index.html.
    at Object.exports.throwError (E:\学习\web之重生\0.html&html5\html5\媒体处理\music-look\node_modules\swig-templates\lib\utils.js:183:9)
    at parseTag (E:\学习\web之重生\0.html&html5\html5\媒体处理\music-look\node_modules\swig-templates\lib\parser.js:544:13)
    at E:\学习\web之重生\0.html&html5\html5\媒体处理\music-look\node_modules\swig-templates\lib\parser.js:640:15
    at Object.exports.each (E:\学习\web之重生\0.html&html5\html5\媒体处理\music-look\node_modules\swig-templates\lib\utils.js:45:11)
    at Object.exports.parse (E:\学习\web之重生\0.html&html5\html5\媒体处理\music-look\node_modules\swig-templates\lib\parser.js:624:9)
    at exports.Swig.parse (E:\学习\web之重生\0.html&html5\html5\媒体处理\music-look\node_modules\swig-templates\lib\swig.js:354:19)
    at exports.Swig.precompile (E:\学习\web之重生\0.html&html5\html5\媒体处理\music-look\node_modules\swig-templates\lib\swig.js:486:23)
    at exports.Swig.compile (E:\学习\web之重生\0.html&html5\html5\媒体处理\music-look\node_modules\swig-templates\lib\swig.js:605:16)
    at E:\学习\web之重生\0.html&html5\html5\媒体处理\music-look\node_modules\swig-templates\lib\swig.js:683:27
    at FSReqWrap.readFileAfterClose [as oncomplete] (fs.js:528:3)
[2018-05-09T01:10:09.787] [ERROR] cheese - Error: Unexpected tag ">
          <li title="<%=name%>"><%=name%></li>
        <" on line 26 in file E:\学习\web之重生\0.html&html5\html5\媒体处理\music-look\views\index.html.
    at Object.exports.throwError (E:\学习\web之重生\0.html&html5\html5\媒体处理\music-look\node_modules\swig-templates\lib\utils.js:183:9)
    at parseTag (E:\学习\web之重生\0.html&html5\html5\媒体处理\music-look\node_modules\swig-templates\lib\parser.js:544:13)
    at E:\学习\web之重生\0.html&html5\html5\媒体处理\music-look\node_modules\swig-templates\lib\parser.js:640:15
    at Object.exports.each (E:\学习\web之重生\0.html&html5\html5\媒体处理\music-look\node_modules\swig-templates\lib\utils.js:45:11)
    at Object.exports.parse (E:\学习\web之重生\0.html&html5\html5\媒体处理\music-look\node_modules\swig-templates\lib\parser.js:624:9)
    at exports.Swig.parse (E:\学习\web之重生\0.html&html5\html5\媒体处理\music-look\node_modules\swig-templates\lib\swig.js:354:19)
    at exports.Swig.precompile (E:\学习\web之重生\0.html&html5\html5\媒体处理\music-look\node_modules\swig-templates\lib\swig.js:486:23)
    at exports.Swig.compile (E:\学习\web之重生\0.html&html5\html5\媒体处理\music-look\node_modules\swig-templates\lib\swig.js:605:16)
    at E:\学习\web之重生\0.html&html5\html5\媒体处理\music-look\node_modules\swig-templates\lib\swig.js:683:27
    at FSReqWrap.readFileAfterClose [as oncomplete] (fs.js:528:3)
[2018-05-09T01:10:10.044] [ERROR] cheese - Error: Unexpected tag ">
          <li title="<%=name%>"><%=name%></li>
        <" on line 26 in file E:\学习\web之重生\0.html&html5\html5\媒体处理\music-look\views\index.html.
    at Object.exports.throwError (E:\学习\web之重生\0.html&html5\html5\媒体处理\music-look\node_modules\swig-templates\lib\utils.js:183:9)
    at parseTag (E:\学习\web之重生\0.html&html5\html5\媒体处理\music-look\node_modules\swig-templates\lib\parser.js:544:13)
    at E:\学习\web之重生\0.html&html5\html5\媒体处理\music-look\node_modules\swig-templates\lib\parser.js:640:15
    at Object.exports.each (E:\学习\web之重生\0.html&html5\html5\媒体处理\music-look\node_modules\swig-templates\lib\utils.js:45:11)
    at Object.exports.parse (E:\学习\web之重生\0.html&html5\html5\媒体处理\music-look\node_modules\swig-templates\lib\parser.js:624:9)
    at exports.Swig.parse (E:\学习\web之重生\0.html&html5\html5\媒体处理\music-look\node_modules\swig-templates\lib\swig.js:354:19)
    at exports.Swig.precompile (E:\学习\web之重生\0.html&html5\html5\媒体处理\music-look\node_modules\swig-templates\lib\swig.js:486:23)
    at exports.Swig.compile (E:\学习\web之重生\0.html&html5\html5\媒体处理\music-look\node_modules\swig-templates\lib\swig.js:605:16)
    at E:\学习\web之重生\0.html&html5\html5\媒体处理\music-look\node_modules\swig-templates\lib\swig.js:683:27
    at FSReqWrap.readFileAfterClose [as oncomplete] (fs.js:528:3)
[2018-05-09T01:10:12.936] [ERROR] cheese - Error: Unexpected tag ">
          <li title="<%=name%>"><%=name%></li>
        <" on line 26 in file E:\学习\web之重生\0.html&html5\html5\媒体处理\music-look\views\index.html.
    at Object.exports.throwError (E:\学习\web之重生\0.html&html5\html5\媒体处理\music-look\node_modules\swig-templates\lib\utils.js:183:9)
    at parseTag (E:\学习\web之重生\0.html&html5\html5\媒体处理\music-look\node_modules\swig-templates\lib\parser.js:544:13)
    at E:\学习\web之重生\0.html&html5\html5\媒体处理\music-look\node_modules\swig-templates\lib\parser.js:640:15
    at Object.exports.each (E:\学习\web之重生\0.html&html5\html5\媒体处理\music-look\node_modules\swig-templates\lib\utils.js:45:11)
    at Object.exports.parse (E:\学习\web之重生\0.html&html5\html5\媒体处理\music-look\node_modules\swig-templates\lib\parser.js:624:9)
    at exports.Swig.parse (E:\学习\web之重生\0.html&html5\html5\媒体处理\music-look\node_modules\swig-templates\lib\swig.js:354:19)
    at exports.Swig.precompile (E:\学习\web之重生\0.html&html5\html5\媒体处理\music-look\node_modules\swig-templates\lib\swig.js:486:23)
    at exports.Swig.compile (E:\学习\web之重生\0.html&html5\html5\媒体处理\music-look\node_modules\swig-templates\lib\swig.js:605:16)
    at E:\学习\web之重生\0.html&html5\html5\媒体处理\music-look\node_modules\swig-templates\lib\swig.js:683:27
    at FSReqWrap.readFileAfterClose [as oncomplete] (fs.js:528:3)
[2018-05-09T01:15:41.720] [ERROR] cheese - Error: Unexpected tag ">
          <li title="<%=name%>"><%=name%></li>
        <" on line 26 in file E:\学习\web之重生\0.html&html5\html5\媒体处理\music-look\views\index.html.
    at Object.exports.throwError (E:\学习\web之重生\0.html&html5\html5\媒体处理\music-look\node_modules\swig-templates\lib\utils.js:183:9)
    at parseTag (E:\学习\web之重生\0.html&html5\html5\媒体处理\music-look\node_modules\swig-templates\lib\parser.js:544:13)
    at E:\学习\web之重生\0.html&html5\html5\媒体处理\music-look\node_modules\swig-templates\lib\parser.js:640:15
    at Object.exports.each (E:\学习\web之重生\0.html&html5\html5\媒体处理\music-look\node_modules\swig-templates\lib\utils.js:45:11)
    at Object.exports.parse (E:\学习\web之重生\0.html&html5\html5\媒体处理\music-look\node_modules\swig-templates\lib\parser.js:624:9)
    at exports.Swig.parse (E:\学习\web之重生\0.html&html5\html5\媒体处理\music-look\node_modules\swig-templates\lib\swig.js:354:19)
    at exports.Swig.precompile (E:\学习\web之重生\0.html&html5\html5\媒体处理\music-look\node_modules\swig-templates\lib\swig.js:486:23)
    at exports.Swig.compile (E:\学习\web之重生\0.html&html5\html5\媒体处理\music-look\node_modules\swig-templates\lib\swig.js:605:16)
    at E:\学习\web之重生\0.html&html5\html5\媒体处理\music-look\node_modules\swig-templates\lib\swig.js:683:27
    at FSReqWrap.readFileAfterClose [as oncomplete] (fs.js:528:3)
[2018-05-09T01:15:42.717] [ERROR] cheese - Error: Unexpected tag ">
          <li title="<%=name%>"><%=name%></li>
        <" on line 26 in file E:\学习\web之重生\0.html&html5\html5\媒体处理\music-look\views\index.html.
    at Object.exports.throwError (E:\学习\web之重生\0.html&html5\html5\媒体处理\music-look\node_modules\swig-templates\lib\utils.js:183:9)
    at parseTag (E:\学习\web之重生\0.html&html5\html5\媒体处理\music-look\node_modules\swig-templates\lib\parser.js:544:13)
    at E:\学习\web之重生\0.html&html5\html5\媒体处理\music-look\node_modules\swig-templates\lib\parser.js:640:15
    at Object.exports.each (E:\学习\web之重生\0.html&html5\html5\媒体处理\music-look\node_modules\swig-templates\lib\utils.js:45:11)
    at Object.exports.parse (E:\学习\web之重生\0.html&html5\html5\媒体处理\music-look\node_modules\swig-templates\lib\parser.js:624:9)
    at exports.Swig.parse (E:\学习\web之重生\0.html&html5\html5\媒体处理\music-look\node_modules\swig-templates\lib\swig.js:354:19)
    at exports.Swig.precompile (E:\学习\web之重生\0.html&html5\html5\媒体处理\music-look\node_modules\swig-templates\lib\swig.js:486:23)
    at exports.Swig.compile (E:\学习\web之重生\0.html&html5\html5\媒体处理\music-look\node_modules\swig-templates\lib\swig.js:605:16)
    at E:\学习\web之重生\0.html&html5\html5\媒体处理\music-look\node_modules\swig-templates\lib\swig.js:683:27
    at FSReqWrap.readFileAfterClose [as oncomplete] (fs.js:528:3)
[2018-05-09T01:15:43.082] [ERROR] cheese - Error: Unexpected tag ">
          <li title="<%=name%>"><%=name%></li>
        <" on line 26 in file E:\学习\web之重生\0.html&html5\html5\媒体处理\music-look\views\index.html.
    at Object.exports.throwError (E:\学习\web之重生\0.html&html5\html5\媒体处理\music-look\node_modules\swig-templates\lib\utils.js:183:9)
    at parseTag (E:\学习\web之重生\0.html&html5\html5\媒体处理\music-look\node_modules\swig-templates\lib\parser.js:544:13)
    at E:\学习\web之重生\0.html&html5\html5\媒体处理\music-look\node_modules\swig-templates\lib\parser.js:640:15
    at Object.exports.each (E:\学习\web之重生\0.html&html5\html5\媒体处理\music-look\node_modules\swig-templates\lib\utils.js:45:11)
    at Object.exports.parse (E:\学习\web之重生\0.html&html5\html5\媒体处理\music-look\node_modules\swig-templates\lib\parser.js:624:9)
    at exports.Swig.parse (E:\学习\web之重生\0.html&html5\html5\媒体处理\music-look\node_modules\swig-templates\lib\swig.js:354:19)
    at exports.Swig.precompile (E:\学习\web之重生\0.html&html5\html5\媒体处理\music-look\node_modules\swig-templates\lib\swig.js:486:23)
    at exports.Swig.compile (E:\学习\web之重生\0.html&html5\html5\媒体处理\music-look\node_modules\swig-templates\lib\swig.js:605:16)
    at E:\学习\web之重生\0.html&html5\html5\媒体处理\music-look\node_modules\swig-templates\lib\swig.js:683:27
    at FSReqWrap.readFileAfterClose [as oncomplete] (fs.js:528:3)
[2018-05-09T01:15:43.333] [ERROR] cheese - Error: Unexpected tag ">
          <li title="<%=name%>"><%=name%></li>
        <" on line 26 in file E:\学习\web之重生\0.html&html5\html5\媒体处理\music-look\views\index.html.
    at Object.exports.throwError (E:\学习\web之重生\0.html&html5\html5\媒体处理\music-look\node_modules\swig-templates\lib\utils.js:183:9)
    at parseTag (E:\学习\web之重生\0.html&html5\html5\媒体处理\music-look\node_modules\swig-templates\lib\parser.js:544:13)
    at E:\学习\web之重生\0.html&html5\html5\媒体处理\music-look\node_modules\swig-templates\lib\parser.js:640:15
    at Object.exports.each (E:\学习\web之重生\0.html&html5\html5\媒体处理\music-look\node_modules\swig-templates\lib\utils.js:45:11)
    at Object.exports.parse (E:\学习\web之重生\0.html&html5\html5\媒体处理\music-look\node_modules\swig-templates\lib\parser.js:624:9)
    at exports.Swig.parse (E:\学习\web之重生\0.html&html5\html5\媒体处理\music-look\node_modules\swig-templates\lib\swig.js:354:19)
    at exports.Swig.precompile (E:\学习\web之重生\0.html&html5\html5\媒体处理\music-look\node_modules\swig-templates\lib\swig.js:486:23)
    at exports.Swig.compile (E:\学习\web之重生\0.html&html5\html5\媒体处理\music-look\node_modules\swig-templates\lib\swig.js:605:16)
    at E:\学习\web之重生\0.html&html5\html5\媒体处理\music-look\node_modules\swig-templates\lib\swig.js:683:27
    at FSReqWrap.readFileAfterClose [as oncomplete] (fs.js:528:3)
[2018-05-09T01:15:43.872] [ERROR] cheese - Error: Unexpected tag ">
          <li title="<%=name%>"><%=name%></li>
        <" on line 26 in file E:\学习\web之重生\0.html&html5\html5\媒体处理\music-look\views\index.html.
    at Object.exports.throwError (E:\学习\web之重生\0.html&html5\html5\媒体处理\music-look\node_modules\swig-templates\lib\utils.js:183:9)
    at parseTag (E:\学习\web之重生\0.html&html5\html5\媒体处理\music-look\node_modules\swig-templates\lib\parser.js:544:13)
    at E:\学习\web之重生\0.html&html5\html5\媒体处理\music-look\node_modules\swig-templates\lib\parser.js:640:15
    at Object.exports.each (E:\学习\web之重生\0.html&html5\html5\媒体处理\music-look\node_modules\swig-templates\lib\utils.js:45:11)
    at Object.exports.parse (E:\学习\web之重生\0.html&html5\html5\媒体处理\music-look\node_modules\swig-templates\lib\parser.js:624:9)
    at exports.Swig.parse (E:\学习\web之重生\0.html&html5\html5\媒体处理\music-look\node_modules\swig-templates\lib\swig.js:354:19)
    at exports.Swig.precompile (E:\学习\web之重生\0.html&html5\html5\媒体处理\music-look\node_modules\swig-templates\lib\swig.js:486:23)
    at exports.Swig.compile (E:\学习\web之重生\0.html&html5\html5\媒体处理\music-look\node_modules\swig-templates\lib\swig.js:605:16)
    at E:\学习\web之重生\0.html&html5\html5\媒体处理\music-look\node_modules\swig-templates\lib\swig.js:683:27
    at FSReqWrap.readFileAfterClose [as oncomplete] (fs.js:528:3)
[2018-05-09T01:36:36.499] [ERROR] cheese - TypeError [ERR_INVALID_ARG_TYPE]: The "path" argument must be of type string
    at assertPath (path.js:28:11)
    at Object.join (path.js:499:7)
    at E:\学习\web之重生\0.html&html5\html5\媒体处理\music-look\node_modules\less-middleware\lib\middleware.js:163:27
    at dispatch (E:\学习\web之重生\0.html&html5\html5\媒体处理\music-look\node_modules\koa-compose\index.js:42:32)
    at next (E:\学习\web之重生\0.html&html5\html5\媒体处理\music-look\node_modules\koa-compose\index.js:43:18)
    at serve (E:\学习\web之重生\0.html&html5\html5\媒体处理\music-look\node_modules\koa-static\index.js:53:15)
    at <anonymous>
